<?xml version="1.0" encoding="UTF-8"?>
<!-- Generated by org.testng.reporters.JUnitReportReporter -->
<testsuite hostname="LAPTOP-HKVMFN8B" failures="0" tests="1" name="com.vassarlabs.test.AddCustomer" time="6.718" errors="0" timestamp="2022-08-24T16:01:19 IST" skipped="0">
  <testcase classname="com.vassarlabs.test.AddCustomer" name="addCustomer" time="6.718"/>
  <system-out/>
</testsuite> <!-- com.vassarlabs.test.AddCustomer -->
